1497765135996	geckodriver	INFO	Listening on 127.0.0.1:54904
1497765138008	geckodriver::marionette	INFO	Starting browser C:\Program Files (x86)\Mozilla Firefox\firefox.exe with args ["-marionette"]
1497765143201	Marionette	INFO	Listening on port 54912
1497765143336	Marionette	WARN	TLS certificate errors will be ignored for this session
JavaScript warning: http://js.t.sinajs.cn/t6/webim_prime/js/common/all.js?version=5a6a7aa1d12ecc8f, line 1: unreachable code after return statement
JavaScript warning: http://js.t.sinajs.cn/t6/webim_prime/js/common/all.js?version=5a6a7aa1d12ecc8f, line 1: unreachable code after return statement
JavaScript error: http://sh.114so.cn/go/do2015.aspx?tp=lr&rd=534, line 2: ReferenceError: dataL is not defined
JavaScript error: https://dn-growing.qbox.me/vds.js, line 2: NS_ERROR_NOT_INITIALIZED: 
1497765239735	Marionette	INFO	Ceased listening
istening
tedStyle(...) is null
JavaScript warning: https://static-ssl.mediav.com/mv.js, line 1: unreachable code after return statement
JavaScript error: https://dn-growing.qbox.me/vds.js, line 4: TypeError: window.getComputedStyle(...) is null
*************************
A coding exception was thrown and uncaught in a Task.

Full message: TypeError: NetworkError when attempting to fetch resource.
Full stack: 
*************************
1497765132863	Marionette	INFO	Ceased listening
odules/Timer.jsm:30:5

1497759703849	Marionette	INFO	Ceased listening
yed/this._timeoutID<@resource://app/modules/sessionstore/SessionSaver.jsm:147:40
setTimeout_timer@resource://gre/modules/Timer.jsm:30:5

1497759695070	Marionette	INFO	Ceased listening
version=24d778f58ec7ba74, line 2: NS_ERROR_NOT_INITIALIZED: 
1497757508623	addons.productaddons	WARN	Failed downloading via XHR, status: 0, reason: error

###!!! [Parent][RunMessage] Error: Channel closing: too late to send/recv, messages will be lost

1497757509150	Marionette	INFO	Ceased listening
